Arguments: 
  C:\Program Files\nodejs\node.exe C:\Users\admin\AppData\Roaming\npm\node_modules\yarn\bin\yarn.js init

PATH: 
  C:\Program Files\PowerShell\7;C:\Program Files\Common Files\Oracle\Java\javapath;C:\Program Files\OpenLogic\jdk-17.0.5.8-hotspot\bin;C:\Program Files (x86)\Common Files\Oracle\Java\javapath;C:\Python311\Scripts\;C:\Python311\;C:\ProgramData\Oracle\Java\javapath;C:\WINDOWS\system32;C:\WINDOWS;C:\WINDOWS\System32\Wbem;C:\WINDOWS\System32\WindowsPowerShell\v1.0\;C:\WINDOWS\System32\OpenSSH\;C:\ProgramData\chocolatey\bin;C:\Program Files\Docker\Docker\resources\bin;C:\Users\admin\Downloads\openssl-0.9.8k_X64\bin;C:\Program Files\MongoDB\Server\6.0\bin;C:\Program Files\mongosh\bin;C:\path;E:\Python311;C:\Program Files\Git\cmd;C:\Users\admin\openssl;C:\Users\admin\.fly\bin\;C:\Program Files (x86)\msys64\mingw64\bin;C:\Program Files\PowerShell\7-preview\preview;C:\Program Files\PowerShell\7\;C:\Program Files\nodejs\;C:\Users\admin\.cargo\bin;C:\Program Files\MySQL\MySQL Shell 8.0\bin\;C:\Users\admin\AppData\Local\Microsoft\WindowsApps;C:\Users\admin\AppData\Local\Programs\Microsoft VS Code\bin;C:\Users\admin\Downloads\openssl-0.9.8k_X64\bin;C:\Program Files\MongoDB\Server\6.0\bin;C:\Program Files\mongosh\bin;C:\php;C:\ProgramData\chocolatey\lib\deno;E:\Python311;C:\Users\admin\openssl;C:\Users\admin\.fly\bin\;C:\Program Files (x86)\Java\jre-1.8\bin;C:\Users\admin\rust\binaries;C:\Users\admin\.fly\bin;C:\Program Files\Neovim\bin;C:\Program Files (x86)\msys64\mingw64\bin;C:\Users\admin\AppData\Roaming\npm

Yarn version: 
  1.22.19

Node version: 
  20.12.2

Platform: 
  win32 x64

Trace: 
  Error: canceled
      at Interface.<anonymous> (C:\Users\admin\AppData\Roaming\npm\node_modules\yarn\lib\cli.js:137150:13)
      at Interface.emit (node:events:518:28)
      at [_ttyWrite] [as _ttyWrite] (node:internal/readline/interface:1125:18)
      at ReadStream.onkeypress (node:internal/readline/interface:264:20)
      at ReadStream.emit (node:events:518:28)
      at emitKeys (node:internal/readline/utils:371:14)
      at emitKeys.next (<anonymous>)
      at ReadStream.onData (node:internal/readline/emitKeypressEvents:64:36)
      at ReadStream.emit (node:events:518:28)
      at addChunk (node:internal/streams/readable:559:12)

npm manifest: 
  No manifest

yarn manifest: 
  No manifest

Lockfile: 
  # THIS IS AN AUTOGENERATED FILE. DO NOT EDIT THIS FILE DIRECTLY.
  # yarn lockfile v1
